# JRE version: Java(TM) SE Runtime Environment (15.0.2+7) (build 15.0.2+7-27)
# Java VM: Java HotSpot(TM) 64-Bit Server VM (15.0.2+7-27, mixed mode, sharing, tiered, compressed oops, g1 gc, windows-amd64)
GC Precious Log:
 CPUs: 4 total, 4 available
 Memory: 4007M
 Large Page Support: Disabled
 NUMA Support: Disabled
 Compressed Oops: Enabled (32-bit)
 Heap Region Size: 1M
 Heap Min Capacity: 8M
 Heap Initial Capacity: 64M
 Heap Max Capacity: 1002M
 Pre-touch: Disabled
 Parallel Workers: 4
 Concurrent Workers: 1
 Concurrent Refinement Workers: 4
 Periodic GC: Disabled
Heap:
 garbage-first heap   total 65536K, used 21910K [0x00000000c1600000, 0x0000000100000000)
  region size 1024K, 10 young (10240K), 2 survivors (2048K)
 Metaspace       used 13594K, capacity 13815K, committed 14080K, reserved 1062912K
  class space    used 1448K, capacity 1500K, committed 1536K, reserved 1048576K
GC Heap History (20 events):
Event: 25.628 GC heap before
{Heap before GC invocations=1 (full 0):
 garbage-first heap   total 65536K, used 28162K [0x00000000c1600000, 0x0000000100000000)
  region size 1024K, 17 young (17408K), 2 survivors (2048K)
 Metaspace       used 12336K, capacity 12555K, committed 12800K, reserved 1060864K
  class space    used 1414K, capacity 1466K, committed 1536K, reserved 1048576K
}
Event: 25.635 GC heap after
{Heap after GC invocations=2 (full 0):
 garbage-first heap   total 65536K, used 15792K [0x00000000c1600000, 0x0000000100000000)
  region size 1024K, 2 young (2048K), 2 survivors (2048K)
 Metaspace       used 12336K, capacity 12555K, committed 12800K, reserved 1060864K
  class space    used 1414K, capacity 1466K, committed 1536K, reserved 1048576K
}
Event: 35.744 GC heap before
{Heap before GC invocations=2 (full 0):
 garbage-first heap   total 65536K, used 46512K [0x00000000c1600000, 0x0000000100000000)
  region size 1024K, 33 young (33792K), 2 survivors (2048K)
 Metaspace       used 12957K, capacity 13163K, committed 13312K, reserved 1060864K
  class space    used 1438K, capacity 1498K, committed 1536K, reserved 1048576K
}
Event: 35.747 GC heap after
{Heap after GC invocations=3 (full 0):
 garbage-first heap   total 65536K, used 15712K [0x00000000c1600000, 0x0000000100000000)
  region size 1024K, 2 young (2048K), 2 survivors (2048K)
 Metaspace       used 12957K, capacity 13163K, committed 13312K, reserved 1060864K
  class space    used 1438K, capacity 1498K, committed 1536K, reserved 1048576K
}
Event: 46.957 GC heap before
{Heap before GC invocations=3 (full 0):
 garbage-first heap   total 65536K, used 49504K [0x00000000c1600000, 0x0000000100000000)
  region size 1024K, 36 young (36864K), 2 survivors (2048K)
 Metaspace       used 13215K, capacity 13419K, committed 13568K, reserved 1060864K
  class space    used 1439K, capacity 1498K, committed 1536K, reserved 1048576K
}
Event: 46.960 GC heap after
{Heap after GC invocations=4 (full 0):
 garbage-first heap   total 65536K, used 15822K [0x00000000c1600000, 0x0000000100000000)
  region size 1024K, 2 young (2048K), 2 survivors (2048K)
 Metaspace       used 13215K, capacity 13419K, committed 13568K, reserved 1060864K
  class space    used 1439K, capacity 1498K, committed 1536K, reserved 1048576K
}
Event: 58.863 GC heap before
{Heap before GC invocations=4 (full 0):
 garbage-first heap   total 65536K, used 51662K [0x00000000c1600000, 0x0000000100000000)
  region size 1024K, 38 young (38912K), 2 survivors (2048K)
 Metaspace       used 13330K, capacity 13483K, committed 13568K, reserved 1060864K
  class space    used 1439K, capacity 1498K, committed 1536K, reserved 1048576K
}
Event: 58.867 GC heap after
{Heap after GC invocations=5 (full 0):
 garbage-first heap   total 65536K, used 15824K [0x00000000c1600000, 0x0000000100000000)
  region size 1024K, 2 young (2048K), 2 survivors (2048K)
 Metaspace       used 13330K, capacity 13483K, committed 13568K, reserved 1060864K
  class space    used 1439K, capacity 1498K, committed 1536K, reserved 1048576K
}
Event: 70.767 GC heap before
{Heap before GC invocations=5 (full 0):
 garbage-first heap   total 65536K, used 51664K [0x00000000c1600000, 0x0000000100000000)
  region size 1024K, 38 young (38912K), 2 survivors (2048K)
 Metaspace       used 13505K, capacity 13687K, committed 13824K, reserved 1060864K
  class space    used 1448K, capacity 1500K, committed 1536K, reserved 1048576K
}
Event: 70.770 GC heap after
{Heap after GC invocations=6 (full 0):
 garbage-first heap   total 65536K, used 15864K [0x00000000c1600000, 0x0000000100000000)
  region size 1024K, 2 young (2048K), 2 survivors (2048K)
 Metaspace       used 13505K, capacity 13687K, committed 13824K, reserved 1060864K
  class space    used 1448K, capacity 1500K, committed 1536K, reserved 1048576K
}
Event: 82.669 GC heap before
{Heap before GC invocations=6 (full 0):
 garbage-first heap   total 65536K, used 51704K [0x00000000c1600000, 0x0000000100000000)
  region size 1024K, 38 young (38912K), 2 survivors (2048K)
 Metaspace       used 13534K, capacity 13751K, committed 13824K, reserved 1060864K
  class space    used 1448K, capacity 1500K, committed 1536K, reserved 1048576K
}
Event: 82.672 GC heap after
{Heap after GC invocations=7 (full 0):
 garbage-first heap   total 65536K, used 15869K [0x00000000c1600000, 0x0000000100000000)
  region size 1024K, 2 young (2048K), 2 survivors (2048K)
 Metaspace       used 13534K, capacity 13751K, committed 13824K, reserved 1060864K
  class space    used 1448K, capacity 1500K, committed 1536K, reserved 1048576K
}
Event: 94.591 GC heap before
{Heap before GC invocations=7 (full 0):
 garbage-first heap   total 65536K, used 51709K [0x00000000c1600000, 0x0000000100000000)
  region size 1024K, 38 young (38912K), 2 survivors (2048K)
 Metaspace       used 13543K, capacity 13751K, committed 13824K, reserved 1060864K
  class space    used 1448K, capacity 1500K, committed 1536K, reserved 1048576K
}
Event: 94.594 GC heap after
{Heap after GC invocations=8 (full 0):
 garbage-first heap   total 65536K, used 15796K [0x00000000c1600000, 0x0000000100000000)
  region size 1024K, 2 young (2048K), 2 survivors (2048K)
 Metaspace       used 13543K, capacity 13751K, committed 13824K, reserved 1060864K
  class space    used 1448K, capacity 1500K, committed 1536K, reserved 1048576K
}
Event: 106.586 GC heap before
{Heap before GC invocations=8 (full 0):
 garbage-first heap   total 65536K, used 51636K [0x00000000c1600000, 0x0000000100000000)
  region size 1024K, 38 young (38912K), 2 survivors (2048K)
 Metaspace       used 13582K, capacity 13815K, committed 14080K, reserved 1062912K
  class space    used 1448K, capacity 1500K, committed 1536K, reserved 1048576K
}
Event: 106.589 GC heap after
{Heap after GC invocations=9 (full 0):
 garbage-first heap   total 65536K, used 15837K [0x00000000c1600000, 0x0000000100000000)
  region size 1024K, 2 young (2048K), 2 survivors (2048K)
 Metaspace       used 13582K, capacity 13815K, committed 14080K, reserved 1062912K
  class space    used 1448K, capacity 1500K, committed 1536K, reserved 1048576K
}
Event: 118.604 GC heap before
{Heap before GC invocations=9 (full 0):
 garbage-first heap   total 65536K, used 51677K [0x00000000c1600000, 0x0000000100000000)
  region size 1024K, 38 young (38912K), 2 survivors (2048K)
 Metaspace       used 13585K, capacity 13815K, committed 14080K, reserved 1062912K
  class space    used 1448K, capacity 1500K, committed 1536K, reserved 1048576K
}
Event: 118.607 GC heap after
{Heap after GC invocations=10 (full 0):
 garbage-first heap   total 65536K, used 15861K [0x00000000c1600000, 0x0000000100000000)
  region size 1024K, 2 young (2048K), 2 survivors (2048K)
 Metaspace       used 13585K, capacity 13815K, committed 14080K, reserved 1062912K
  class space    used 1448K, capacity 1500K, committed 1536K, reserved 1048576K
}
Event: 130.512 GC heap before
{Heap before GC invocations=10 (full 0):
 garbage-first heap   total 65536K, used 51701K [0x00000000c1600000, 0x0000000100000000)
  region size 1024K, 38 young (38912K), 2 survivors (2048K)
 Metaspace       used 13592K, capacity 13815K, committed 14080K, reserved 1062912K
  class space    used 1448K, capacity 1500K, committed 1536K, reserved 1048576K
}
Event: 130.515 GC heap after
{Heap after GC invocations=11 (full 0):
 garbage-first heap   total 65536K, used 15766K [0x00000000c1600000, 0x0000000100000000)
  region size 1024K, 2 young (2048K), 2 survivors (2048K)
 Metaspace       used 13592K, capacity 13815K, committed 14080K, reserved 1062912K
  class space    used 1448K, capacity 1500K, committed 1536K, reserved 1048576K
}

